{"uuid":"13c70f1b-dea5-480e-b1ed-cd5801e20f9c","historyId":"834df520de4d6d59df575cc541e9d075","testCaseId":"f8fe5619d6cac58a2812ee7a959bd441","fullName":"./src/test/resources/features/Array.feature:86","labels":[{"name":"tag","value":"Array"},{"name":"tag","value":"AULTryEditor"},{"name":"tag","value":"AULEditorTC_012"},{"name":"host","value":"DESKTOP-DLC6ABM"},{"name":"thread","value":"47040@DESKTOP-DLC6ABM.TestNG-PoolService-2(20)"},{"name":"feature","value":"DsPortal Array Page Functionality"},{"name":"story","value":"Validating Try here button in Arrays using List Page"},{"name":"suite","value":"DsPortal Array Page Functionality"},{"name":"testClass","value":"Validating Try here button in Arrays using List Page"},{"name":"framework","value":"cucumber4jvm"},{"name":"language","value":"java"},{"name":"gherkin_uri","value":"file:///C:/Users/Palanivel/eclipse-workspace/asta_dsalgoBDD/./src/test/resources/features/Array.feature"},{"name":"package","value":"src.test.resources.features.Array_feature.DsPortal Array Page Functionality"}],"links":[],"name":"Validating Try here button in Arrays using List Page","status":"broken","statusDetails":{"known":false,"muted":false,"flaky":false,"message":"Step [the User should get navigated to the Try Editor Page from Arrays using List] is defined with 0 parameters at 'stepdefinitions.ArrayStep.the_user_should_get_navigated_to_the_try_editor_page_from_arrays_using_list()'.\nHowever, the gherkin step has 1 arguments:\n * Table:\n\nStep text: the User should get navigated to the Try Editor Page from Arrays using List","trace":"io.cucumber.core.exception.CucumberException: Step [the User should get navigated to the Try Editor Page from Arrays using List] is defined with 0 parameters at 'stepdefinitions.ArrayStep.the_user_should_get_navigated_to_the_try_editor_page_from_arrays_using_list()'.\nHowever, the gherkin step has 1 arguments:\n * Table:\n\nStep text: the User should get navigated to the Try Editor Page from Arrays using List\r\n\tat io.cucumber.core.runner.PickleStepDefinitionMatch.arityMismatch(PickleStepDefinitionMatch.java:83)\r\n\tat io.cucumber.core.runner.PickleStepDefinitionMatch.runStep(PickleStepDefinitionMatch.java:42)\r\n\tat io.cucumber.core.runner.ExecutionMode$1.execute(ExecutionMode.java:10)\r\n\tat io.cucumber.core.runner.TestStep.executeStep(TestStep.java:81)\r\n\tat io.cucumber.core.runner.TestStep.run(TestStep.java:53)\r\n\tat io.cucumber.core.runner.PickleStepTestStep.run(PickleStepTestStep.java:51)\r\n\tat io.cucumber.core.runner.TestCase.run(TestCase.java:84)\r\n\tat io.cucumber.core.runner.Runner.runPickle(Runner.java:75)\r\n\tat io.cucumber.testng.TestNGCucumberRunner.lambda$runScenario$1(TestNGCucumberRunner.java:132)\r\n\tat io.cucumber.core.runtime.CucumberExecutionContext.lambda$runTestCase$5(CucumberExecutionContext.java:136)\r\n\tat io.cucumber.core.runtime.RethrowingThrowableCollector.executeAndThrow(RethrowingThrowableCollector.java:23)\r\n\tat io.cucumber.core.runtime.CucumberExecutionContext.runTestCase(CucumberExecutionContext.java:136)\r\n\tat io.cucumber.testng.TestNGCucumberRunner.runScenario(TestNGCucumberRunner.java:129)\r\n\tat io.cucumber.testng.AbstractTestNGCucumberTests.runScenario(AbstractTestNGCucumberTests.java:35)\r\n\tat java.base/jdk.internal.reflect.NativeMethodAccessorImpl.invoke0(Native Method)\r\n\tat java.base/jdk.internal.reflect.NativeMethodAccessorImpl.invoke(NativeMethodAccessorImpl.java:77)\r\n\tat java.base/jdk.internal.reflect.DelegatingMethodAccessorImpl.invoke(DelegatingMethodAccessorImpl.java:43)\r\n\tat java.base/java.lang.reflect.Method.invoke(Method.java:568)\r\n\tat org.testng.internal.invokers.MethodInvocationHelper.invokeMethod(MethodInvocationHelper.java:141)\r\n\tat org.testng.internal.invokers.TestInvoker.invokeMethod(TestInvoker.java:686)\r\n\tat org.testng.internal.invokers.TestInvoker.invokeTestMethod(TestInvoker.java:230)\r\n\tat org.testng.internal.invokers.TestMethodWithDataProviderMethodWorker.call(TestMethodWithDataProviderMethodWorker.java:81)\r\n\tat org.testng.internal.thread.Async$AsyncTask.run(Async.java:34)\r\n\tat java.base/java.util.concurrent.ThreadPoolExecutor.runWorker(ThreadPoolExecutor.java:1136)\r\n\tat java.base/java.util.concurrent.ThreadPoolExecutor$Worker.run(ThreadPoolExecutor.java:635)\r\n\tat java.base/java.lang.Thread.run(Thread.java:842)\r\n"},"stage":"finished","steps":[{"name":"Given The User is on the login page","status":"passed","statusDetails":{"known":false,"muted":false,"flaky":false},"stage":"finished","steps":[],"attachments":[],"parameters":[],"start":1729496216524,"stop":1729496219898},{"name":"hooks.HooksBase.getScreenshot(io.cucumber.java.Scenario)","status":"passed","statusDetails":{"known":false,"muted":false,"flaky":false},"stage":"finished","steps":[],"attachments":[],"parameters":[],"start":1729496219898,"stop":1729496219899},{"name":"When The User enters the valid username and password \"LoginCredentials\"","status":"passed","statusDetails":{"known":false,"muted":false,"flaky":false},"stage":"finished","steps":[],"attachments":[],"parameters":[],"start":1729496219899,"stop":1729496221639},{"name":"hooks.HooksBase.getScreenshot(io.cucumber.java.Scenario)","status":"passed","statusDetails":{"known":false,"muted":false,"flaky":false},"stage":"finished","steps":[],"attachments":[],"parameters":[],"start":1729496221639,"stop":1729496221640},{"name":"Given the User is on the Arrays using List page","status":"passed","statusDetails":{"known":false,"muted":false,"flaky":false},"stage":"finished","steps":[],"attachments":[],"parameters":[],"start":1729496221640,"stop":1729496223391},{"name":"hooks.HooksBase.getScreenshot(io.cucumber.java.Scenario)","status":"passed","statusDetails":{"known":false,"muted":false,"flaky":false},"stage":"finished","steps":[],"attachments":[],"parameters":[],"start":1729496223392,"stop":1729496223392},{"name":"When the User clicks the Try here in Arrays using List Page","status":"passed","statusDetails":{"known":false,"muted":false,"flaky":false},"stage":"finished","steps":[],"attachments":[],"parameters":[],"start":1729496223393,"stop":1729496226341},{"name":"hooks.HooksBase.getScreenshot(io.cucumber.java.Scenario)","status":"passed","statusDetails":{"known":false,"muted":false,"flaky":false},"stage":"finished","steps":[],"attachments":[],"parameters":[],"start":1729496226341,"stop":1729496226342},{"name":"Then the User should get navigated to the Try Editor Page from Arrays using List","status":"broken","statusDetails":{"known":false,"muted":false,"flaky":false,"message":"Step [the User should get navigated to the Try Editor Page from Arrays using List] is defined with 0 parameters at 'stepdefinitions.ArrayStep.the_user_should_get_navigated_to_the_try_editor_page_from_arrays_using_list()'.\nHowever, the gherkin step has 1 arguments:\n * Table:\n\nStep text: the User should get navigated to the Try Editor Page from Arrays using List","trace":"io.cucumber.core.exception.CucumberException: Step [the User should get navigated to the Try Editor Page from Arrays using List] is defined with 0 parameters at 'stepdefinitions.ArrayStep.the_user_should_get_navigated_to_the_try_editor_page_from_arrays_using_list()'.\nHowever, the gherkin step has 1 arguments:\n * Table:\n\nStep text: the User should get navigated to the Try Editor Page from Arrays using List\r\n\tat io.cucumber.core.runner.PickleStepDefinitionMatch.arityMismatch(PickleStepDefinitionMatch.java:83)\r\n\tat io.cucumber.core.runner.PickleStepDefinitionMatch.runStep(PickleStepDefinitionMatch.java:42)\r\n\tat io.cucumber.core.runner.ExecutionMode$1.execute(ExecutionMode.java:10)\r\n\tat io.cucumber.core.runner.TestStep.executeStep(TestStep.java:81)\r\n\tat io.cucumber.core.runner.TestStep.run(TestStep.java:53)\r\n\tat io.cucumber.core.runner.PickleStepTestStep.run(PickleStepTestStep.java:51)\r\n\tat io.cucumber.core.runner.TestCase.run(TestCase.java:84)\r\n\tat io.cucumber.core.runner.Runner.runPickle(Runner.java:75)\r\n\tat io.cucumber.testng.TestNGCucumberRunner.lambda$runScenario$1(TestNGCucumberRunner.java:132)\r\n\tat io.cucumber.core.runtime.CucumberExecutionContext.lambda$runTestCase$5(CucumberExecutionContext.java:136)\r\n\tat io.cucumber.core.runtime.RethrowingThrowableCollector.executeAndThrow(RethrowingThrowableCollector.java:23)\r\n\tat io.cucumber.core.runtime.CucumberExecutionContext.runTestCase(CucumberExecutionContext.java:136)\r\n\tat io.cucumber.testng.TestNGCucumberRunner.runScenario(TestNGCucumberRunner.java:129)\r\n\tat io.cucumber.testng.AbstractTestNGCucumberTests.runScenario(AbstractTestNGCucumberTests.java:35)\r\n\tat java.base/jdk.internal.reflect.NativeMethodAccessorImpl.invoke0(Native Method)\r\n\tat java.base/jdk.internal.reflect.NativeMethodAccessorImpl.invoke(NativeMethodAccessorImpl.java:77)\r\n\tat java.base/jdk.internal.reflect.DelegatingMethodAccessorImpl.invoke(DelegatingMethodAccessorImpl.java:43)\r\n\tat java.base/java.lang.reflect.Method.invoke(Method.java:568)\r\n\tat org.testng.internal.invokers.MethodInvocationHelper.invokeMethod(MethodInvocationHelper.java:141)\r\n\tat org.testng.internal.invokers.TestInvoker.invokeMethod(TestInvoker.java:686)\r\n\tat org.testng.internal.invokers.TestInvoker.invokeTestMethod(TestInvoker.java:230)\r\n\tat org.testng.internal.invokers.TestMethodWithDataProviderMethodWorker.call(TestMethodWithDataProviderMethodWorker.java:81)\r\n\tat org.testng.internal.thread.Async$AsyncTask.run(Async.java:34)\r\n\tat java.base/java.util.concurrent.ThreadPoolExecutor.runWorker(ThreadPoolExecutor.java:1136)\r\n\tat java.base/java.util.concurrent.ThreadPoolExecutor$Worker.run(ThreadPoolExecutor.java:635)\r\n\tat java.base/java.lang.Thread.run(Thread.java:842)\r\n"},"stage":"finished","steps":[],"attachments":[{"name":"Data table","source":"b5682cd2-161f-44f9-befc-fe7cfb991774-attachment.csv","type":"text/tab-separated-values"}],"parameters":[],"start":1729496226342,"stop":1729496226354},{"name":"hooks.HooksBase.getScreenshot(io.cucumber.java.Scenario)","status":"passed","statusDetails":{"known":false,"muted":false,"flaky":false},"stage":"finished","steps":[],"attachments":[{"name":"Validating Try here button in Arrays using List Page","source":"a88ad535-c8f2-48ef-be09-adc806633157-attachment","type":"image/png"}],"parameters":[],"start":1729496226357,"stop":1729496226625}],"attachments":[],"parameters":[],"start":1729496211029,"stop":1729496230988}