{"uuid":"7211569a-914d-4c8f-861e-803962972f87","historyId":"32ada9f3a82aab0898a177608fd26300","testCaseId":"b7316e67316fb849343c374b9cd1db7f","fullName":"./src/test/resources/features/Array.feature:125","labels":[{"name":"tag","value":"Array"},{"name":"tag","value":"BOLTryEditor"},{"name":"tag","value":"BOLEditorTC_017"},{"name":"host","value":"DESKTOP-DLC6ABM"},{"name":"thread","value":"47040@DESKTOP-DLC6ABM.TestNG-PoolService-3(21)"},{"name":"feature","value":"DsPortal Array Page Functionality"},{"name":"story","value":"Validating Try here button in Basic Operations in Lists Page"},{"name":"suite","value":"DsPortal Array Page Functionality"},{"name":"testClass","value":"Validating Try here button in Basic Operations in Lists Page"},{"name":"framework","value":"cucumber4jvm"},{"name":"language","value":"java"},{"name":"gherkin_uri","value":"file:///C:/Users/Palanivel/eclipse-workspace/asta_dsalgoBDD/./src/test/resources/features/Array.feature"},{"name":"package","value":"src.test.resources.features.Array_feature.DsPortal Array Page Functionality"}],"links":[],"name":"Validating Try here button in Basic Operations in Lists Page","status":"broken","statusDetails":{"known":false,"muted":false,"flaky":false,"message":"Step [the User should get navigated to the Try Editor Page from the Basic Operations in Lists] is defined with 0 parameters at 'stepdefinitions.ArrayStep.the_user_should_get_navigated_to_the_try_editor_page_from_the_basic_operations_in_lists()'.\nHowever, the gherkin step has 1 arguments:\n * Table:\n\nStep text: the User should get navigated to the Try Editor Page from the Basic Operations in Lists","trace":"io.cucumber.core.exception.CucumberException: Step [the User should get navigated to the Try Editor Page from the Basic Operations in Lists] is defined with 0 parameters at 'stepdefinitions.ArrayStep.the_user_should_get_navigated_to_the_try_editor_page_from_the_basic_operations_in_lists()'.\nHowever, the gherkin step has 1 arguments:\n * Table:\n\nStep text: the User should get navigated to the Try Editor Page from the Basic Operations in Lists\r\n\tat io.cucumber.core.runner.PickleStepDefinitionMatch.arityMismatch(PickleStepDefinitionMatch.java:83)\r\n\tat io.cucumber.core.runner.PickleStepDefinitionMatch.runStep(PickleStepDefinitionMatch.java:42)\r\n\tat io.cucumber.core.runner.ExecutionMode$1.execute(ExecutionMode.java:10)\r\n\tat io.cucumber.core.runner.TestStep.executeStep(TestStep.java:81)\r\n\tat io.cucumber.core.runner.TestStep.run(TestStep.java:53)\r\n\tat io.cucumber.core.runner.PickleStepTestStep.run(PickleStepTestStep.java:51)\r\n\tat io.cucumber.core.runner.TestCase.run(TestCase.java:84)\r\n\tat io.cucumber.core.runner.Runner.runPickle(Runner.java:75)\r\n\tat io.cucumber.testng.TestNGCucumberRunner.lambda$runScenario$1(TestNGCucumberRunner.java:132)\r\n\tat io.cucumber.core.runtime.CucumberExecutionContext.lambda$runTestCase$5(CucumberExecutionContext.java:136)\r\n\tat io.cucumber.core.runtime.RethrowingThrowableCollector.executeAndThrow(RethrowingThrowableCollector.java:23)\r\n\tat io.cucumber.core.runtime.CucumberExecutionContext.runTestCase(CucumberExecutionContext.java:136)\r\n\tat io.cucumber.testng.TestNGCucumberRunner.runScenario(TestNGCucumberRunner.java:129)\r\n\tat io.cucumber.testng.AbstractTestNGCucumberTests.runScenario(AbstractTestNGCucumberTests.java:35)\r\n\tat java.base/jdk.internal.reflect.NativeMethodAccessorImpl.invoke0(Native Method)\r\n\tat java.base/jdk.internal.reflect.NativeMethodAccessorImpl.invoke(NativeMethodAccessorImpl.java:77)\r\n\tat java.base/jdk.internal.reflect.DelegatingMethodAccessorImpl.invoke(DelegatingMethodAccessorImpl.java:43)\r\n\tat java.base/java.lang.reflect.Method.invoke(Method.java:568)\r\n\tat org.testng.internal.invokers.MethodInvocationHelper.invokeMethod(MethodInvocationHelper.java:141)\r\n\tat org.testng.internal.invokers.TestInvoker.invokeMethod(TestInvoker.java:686)\r\n\tat org.testng.internal.invokers.TestInvoker.invokeTestMethod(TestInvoker.java:230)\r\n\tat org.testng.internal.invokers.TestMethodWithDataProviderMethodWorker.call(TestMethodWithDataProviderMethodWorker.java:81)\r\n\tat org.testng.internal.thread.Async$AsyncTask.run(Async.java:34)\r\n\tat java.base/java.util.concurrent.ThreadPoolExecutor.runWorker(ThreadPoolExecutor.java:1136)\r\n\tat java.base/java.util.concurrent.ThreadPoolExecutor$Worker.run(ThreadPoolExecutor.java:635)\r\n\tat java.base/java.lang.Thread.run(Thread.java:842)\r\n"},"stage":"finished","steps":[{"name":"Given The User is on the login page","status":"passed","statusDetails":{"known":false,"muted":false,"flaky":false},"stage":"finished","steps":[],"attachments":[],"parameters":[],"start":1729496229237,"stop":1729496230826},{"name":"hooks.HooksBase.getScreenshot(io.cucumber.java.Scenario)","status":"passed","statusDetails":{"known":false,"muted":false,"flaky":false},"stage":"finished","steps":[],"attachments":[],"parameters":[],"start":1729496230829,"stop":1729496230830},{"name":"When The User enters the valid username and password \"LoginCredentials\"","status":"passed","statusDetails":{"known":false,"muted":false,"flaky":false},"stage":"finished","steps":[],"attachments":[],"parameters":[],"start":1729496230831,"stop":1729496232841},{"name":"hooks.HooksBase.getScreenshot(io.cucumber.java.Scenario)","status":"passed","statusDetails":{"known":false,"muted":false,"flaky":false},"stage":"finished","steps":[],"attachments":[],"parameters":[],"start":1729496232842,"stop":1729496232843},{"name":"Given the User is on the Basic Operations in Lists page","status":"passed","statusDetails":{"known":false,"muted":false,"flaky":false},"stage":"finished","steps":[],"attachments":[],"parameters":[],"start":1729496232844,"stop":1729496234333},{"name":"hooks.HooksBase.getScreenshot(io.cucumber.java.Scenario)","status":"passed","statusDetails":{"known":false,"muted":false,"flaky":false},"stage":"finished","steps":[],"attachments":[],"parameters":[],"start":1729496234333,"stop":1729496234334},{"name":"When the User clicks the Try here in Basic Operations in Lists Page","status":"passed","statusDetails":{"known":false,"muted":false,"flaky":false},"stage":"finished","steps":[],"attachments":[],"parameters":[],"start":1729496234334,"stop":1729496237272},{"name":"hooks.HooksBase.getScreenshot(io.cucumber.java.Scenario)","status":"passed","statusDetails":{"known":false,"muted":false,"flaky":false},"stage":"finished","steps":[],"attachments":[],"parameters":[],"start":1729496237272,"stop":1729496237272},{"name":"Then the User should get navigated to the Try Editor Page from the Basic Operations in Lists","status":"broken","statusDetails":{"known":false,"muted":false,"flaky":false,"message":"Step [the User should get navigated to the Try Editor Page from the Basic Operations in Lists] is defined with 0 parameters at 'stepdefinitions.ArrayStep.the_user_should_get_navigated_to_the_try_editor_page_from_the_basic_operations_in_lists()'.\nHowever, the gherkin step has 1 arguments:\n * Table:\n\nStep text: the User should get navigated to the Try Editor Page from the Basic Operations in Lists","trace":"io.cucumber.core.exception.CucumberException: Step [the User should get navigated to the Try Editor Page from the Basic Operations in Lists] is defined with 0 parameters at 'stepdefinitions.ArrayStep.the_user_should_get_navigated_to_the_try_editor_page_from_the_basic_operations_in_lists()'.\nHowever, the gherkin step has 1 arguments:\n * Table:\n\nStep text: the User should get navigated to the Try Editor Page from the Basic Operations in Lists\r\n\tat io.cucumber.core.runner.PickleStepDefinitionMatch.arityMismatch(PickleStepDefinitionMatch.java:83)\r\n\tat io.cucumber.core.runner.PickleStepDefinitionMatch.runStep(PickleStepDefinitionMatch.java:42)\r\n\tat io.cucumber.core.runner.ExecutionMode$1.execute(ExecutionMode.java:10)\r\n\tat io.cucumber.core.runner.TestStep.executeStep(TestStep.java:81)\r\n\tat io.cucumber.core.runner.TestStep.run(TestStep.java:53)\r\n\tat io.cucumber.core.runner.PickleStepTestStep.run(PickleStepTestStep.java:51)\r\n\tat io.cucumber.core.runner.TestCase.run(TestCase.java:84)\r\n\tat io.cucumber.core.runner.Runner.runPickle(Runner.java:75)\r\n\tat io.cucumber.testng.TestNGCucumberRunner.lambda$runScenario$1(TestNGCucumberRunner.java:132)\r\n\tat io.cucumber.core.runtime.CucumberExecutionContext.lambda$runTestCase$5(CucumberExecutionContext.java:136)\r\n\tat io.cucumber.core.runtime.RethrowingThrowableCollector.executeAndThrow(RethrowingThrowableCollector.java:23)\r\n\tat io.cucumber.core.runtime.CucumberExecutionContext.runTestCase(CucumberExecutionContext.java:136)\r\n\tat io.cucumber.testng.TestNGCucumberRunner.runScenario(TestNGCucumberRunner.java:129)\r\n\tat io.cucumber.testng.AbstractTestNGCucumberTests.runScenario(AbstractTestNGCucumberTests.java:35)\r\n\tat java.base/jdk.internal.reflect.NativeMethodAccessorImpl.invoke0(Native Method)\r\n\tat java.base/jdk.internal.reflect.NativeMethodAccessorImpl.invoke(NativeMethodAccessorImpl.java:77)\r\n\tat java.base/jdk.internal.reflect.DelegatingMethodAccessorImpl.invoke(DelegatingMethodAccessorImpl.java:43)\r\n\tat java.base/java.lang.reflect.Method.invoke(Method.java:568)\r\n\tat org.testng.internal.invokers.MethodInvocationHelper.invokeMethod(MethodInvocationHelper.java:141)\r\n\tat org.testng.internal.invokers.TestInvoker.invokeMethod(TestInvoker.java:686)\r\n\tat org.testng.internal.invokers.TestInvoker.invokeTestMethod(TestInvoker.java:230)\r\n\tat org.testng.internal.invokers.TestMethodWithDataProviderMethodWorker.call(TestMethodWithDataProviderMethodWorker.java:81)\r\n\tat org.testng.internal.thread.Async$AsyncTask.run(Async.java:34)\r\n\tat java.base/java.util.concurrent.ThreadPoolExecutor.runWorker(ThreadPoolExecutor.java:1136)\r\n\tat java.base/java.util.concurrent.ThreadPoolExecutor$Worker.run(ThreadPoolExecutor.java:635)\r\n\tat java.base/java.lang.Thread.run(Thread.java:842)\r\n"},"stage":"finished","steps":[],"attachments":[{"name":"Data table","source":"7e6845b4-921e-4641-986f-f88eb2573722-attachment.csv","type":"text/tab-separated-values"}],"parameters":[],"start":1729496237272,"stop":1729496237275},{"name":"hooks.HooksBase.getScreenshot(io.cucumber.java.Scenario)","status":"passed","statusDetails":{"known":false,"muted":false,"flaky":false},"stage":"finished","steps":[],"attachments":[{"name":"Validating Try here button in Basic Operations in Lists Page","source":"203a4382-129e-47b3-b522-a21b6130298f-attachment","type":"image/png"}],"parameters":[],"start":1729496237278,"stop":1729496237503}],"attachments":[],"parameters":[],"start":1729496221990,"stop":1729496243346}